# JRE version: OpenJDK Runtime Environment Temurin-21.0.6+7 (21.0.6+7) (build 21.0.6+7-LTS)
# Java VM: OpenJDK 64-Bit Server VM Temurin-21.0.6+7 (21.0.6+7-LTS, mixed mode, sharing, tiered, compressed oops, compressed class ptrs, parallel gc, windows-amd64)
GC Precious Log:
 CardTable entry size: 512
 CPUs: 12 total, 12 available
 Memory: 16302M
 Large Page Support: Disabled
 NUMA Support: Disabled
 Compressed Oops: Enabled (32-bit)
 Alignments: Space 512K, Generation 512K, Heap 2M
 Heap Min Capacity: 100M
 Heap Initial Capacity: 100M
 Heap Max Capacity: 1G
 Pre-touch: Disabled
 Parallel Workers: 10
Heap:
 PSYoungGen      total 2048K, used 1910K [0x00000000eab00000, 0x00000000eaf00000, 0x0000000100000000)
  eden space 1536K, 100% used [0x00000000eab00000,0x00000000eac80000,0x00000000eac80000)
  from space 512K, 73% used [0x00000000eae80000,0x00000000eaedd808,0x00000000eaf00000)
  to   space 512K, 62% used [0x00000000eae00000,0x00000000eae50000,0x00000000eae80000)
 ParOldGen       total 317440K, used 317193K [0x00000000c0000000, 0x00000000d3600000, 0x00000000eab00000)
  object space 317440K, 99% used [0x00000000c0000000,0x00000000d35c26b0,0x00000000d3600000)
 Metaspace       used 64669K, committed 65984K, reserved 1114112K
  class space    used 6673K, committed 7232K, reserved 1048576K
GC Heap History (20 events):
Event: 58.711 GC heap after
{Heap after GC invocations=1540 (full 4):
 PSYoungGen      total 2048K, used 416K [0x00000000eab00000, 0x00000000eaf00000, 0x0000000100000000)
  eden space 1536K, 0% used [0x00000000eab00000,0x00000000eab00000,0x00000000eac80000)
  from space 512K, 81% used [0x00000000eae00000,0x00000000eae68000,0x00000000eae80000)
  to   space 512K, 0% used [0x00000000eae80000,0x00000000eae80000,0x00000000eaf00000)
 ParOldGen       total 315392K, used 314936K [0x00000000c0000000, 0x00000000d3400000, 0x00000000eab00000)
  object space 315392K, 99% used [0x00000000c0000000,0x00000000d338e030,0x00000000d3400000)
 Metaspace       used 64669K, committed 65984K, reserved 1114112K
  class space    used 6673K, committed 7232K, reserved 1048576K
}
Event: 58.723 GC heap before
{Heap before GC invocations=1541 (full 4):
 PSYoungGen      total 2048K, used 1947K [0x00000000eab00000, 0x00000000eaf00000, 0x0000000100000000)
  eden space 1536K, 99% used [0x00000000eab00000,0x00000000eac7ef08,0x00000000eac80000)
  from space 512K, 81% used [0x00000000eae00000,0x00000000eae68000,0x00000000eae80000)
  to   space 512K, 0% used [0x00000000eae80000,0x00000000eae80000,0x00000000eaf00000)
 ParOldGen       total 315392K, used 314936K [0x00000000c0000000, 0x00000000d3400000, 0x00000000eab00000)
  object space 315392K, 99% used [0x00000000c0000000,0x00000000d338e030,0x00000000d3400000)
 Metaspace       used 64669K, committed 65984K, reserved 1114112K
  class space    used 6673K, committed 7232K, reserved 1048576K
}
Event: 58.723 GC heap after
{Heap after GC invocations=1541 (full 4):
 PSYoungGen      total 2048K, used 448K [0x00000000eab00000, 0x00000000eaf00000, 0x0000000100000000)
  eden space 1536K, 0% used [0x00000000eab00000,0x00000000eab00000,0x00000000eac80000)
  from space 512K, 87% used [0x00000000eae80000,0x00000000eaef0000,0x00000000eaf00000)
  to   space 512K, 0% used [0x00000000eae00000,0x00000000eae00000,0x00000000eae80000)
 ParOldGen       total 315392K, used 315131K [0x00000000c0000000, 0x00000000d3400000, 0x00000000eab00000)
  object space 315392K, 99% used [0x00000000c0000000,0x00000000d33bec38,0x00000000d3400000)
 Metaspace       used 64669K, committed 65984K, reserved 1114112K
  class space    used 6673K, committed 7232K, reserved 1048576K
}
Event: 58.736 GC heap before
{Heap before GC invocations=1542 (full 4):
 PSYoungGen      total 2048K, used 1984K [0x00000000eab00000, 0x00000000eaf00000, 0x0000000100000000)
  eden space 1536K, 100% used [0x00000000eab00000,0x00000000eac80000,0x00000000eac80000)
  from space 512K, 87% used [0x00000000eae80000,0x00000000eaef0000,0x00000000eaf00000)
  to   space 512K, 0% used [0x00000000eae00000,0x00000000eae00000,0x00000000eae80000)
 ParOldGen       total 315392K, used 315131K [0x00000000c0000000, 0x00000000d3400000, 0x00000000eab00000)
  object space 315392K, 99% used [0x00000000c0000000,0x00000000d33bec38,0x00000000d3400000)
 Metaspace       used 64669K, committed 65984K, reserved 1114112K
  class space    used 6673K, committed 7232K, reserved 1048576K
}
Event: 58.737 GC heap after
{Heap after GC invocations=1542 (full 4):
 PSYoungGen      total 2048K, used 416K [0x00000000eab00000, 0x00000000eaf00000, 0x0000000100000000)
  eden space 1536K, 0% used [0x00000000eab00000,0x00000000eab00000,0x00000000eac80000)
  from space 512K, 81% used [0x00000000eae00000,0x00000000eae68000,0x00000000eae80000)
  to   space 512K, 0% used [0x00000000eae80000,0x00000000eae80000,0x00000000eaf00000)
 ParOldGen       total 315392K, used 315211K [0x00000000c0000000, 0x00000000d3400000, 0x00000000eab00000)
  object space 315392K, 99% used [0x00000000c0000000,0x00000000d33d2c38,0x00000000d3400000)
 Metaspace       used 64669K, committed 65984K, reserved 1114112K
  class space    used 6673K, committed 7232K, reserved 1048576K
}
Event: 58.739 GC heap before
{Heap before GC invocations=1543 (full 4):
 PSYoungGen      total 2048K, used 1949K [0x00000000eab00000, 0x00000000eaf00000, 0x0000000100000000)
  eden space 1536K, 99% used [0x00000000eab00000,0x00000000eac7f470,0x00000000eac80000)
  from space 512K, 81% used [0x00000000eae00000,0x00000000eae68000,0x00000000eae80000)
  to   space 512K, 0% used [0x00000000eae80000,0x00000000eae80000,0x00000000eaf00000)
 ParOldGen       total 315392K, used 315211K [0x00000000c0000000, 0x00000000d3400000, 0x00000000eab00000)
  object space 315392K, 99% used [0x00000000c0000000,0x00000000d33d2c38,0x00000000d3400000)
 Metaspace       used 64669K, committed 65984K, reserved 1114112K
  class space    used 6673K, committed 7232K, reserved 1048576K
}
Event: 58.739 GC heap after
{Heap after GC invocations=1543 (full 4):
 PSYoungGen      total 2048K, used 448K [0x00000000eab00000, 0x00000000eaf00000, 0x0000000100000000)
  eden space 1536K, 0% used [0x00000000eab00000,0x00000000eab00000,0x00000000eac80000)
  from space 512K, 87% used [0x00000000eae80000,0x00000000eaef0000,0x00000000eaf00000)
  to   space 512K, 0% used [0x00000000eae00000,0x00000000eae00000,0x00000000eae80000)
 ParOldGen       total 315904K, used 315410K [0x00000000c0000000, 0x00000000d3480000, 0x00000000eab00000)
  object space 315904K, 99% used [0x00000000c0000000,0x00000000d3404888,0x00000000d3480000)
 Metaspace       used 64669K, committed 65984K, reserved 1114112K
  class space    used 6673K, committed 7232K, reserved 1048576K
}
Event: 58.741 GC heap before
{Heap before GC invocations=1544 (full 4):
 PSYoungGen      total 2048K, used 1984K [0x00000000eab00000, 0x00000000eaf00000, 0x0000000100000000)
  eden space 1536K, 100% used [0x00000000eab00000,0x00000000eac80000,0x00000000eac80000)
  from space 512K, 87% used [0x00000000eae80000,0x00000000eaef0000,0x00000000eaf00000)
  to   space 512K, 0% used [0x00000000eae00000,0x00000000eae00000,0x00000000eae80000)
 ParOldGen       total 315904K, used 315410K [0x00000000c0000000, 0x00000000d3480000, 0x00000000eab00000)
  object space 315904K, 99% used [0x00000000c0000000,0x00000000d3404888,0x00000000d3480000)
 Metaspace       used 64669K, committed 65984K, reserved 1114112K
  class space    used 6673K, committed 7232K, reserved 1048576K
}
Event: 58.742 GC heap after
{Heap after GC invocations=1544 (full 4):
 PSYoungGen      total 2048K, used 384K [0x00000000eab00000, 0x00000000eaf00000, 0x0000000100000000)
  eden space 1536K, 0% used [0x00000000eab00000,0x00000000eab00000,0x00000000eac80000)
  from space 512K, 75% used [0x00000000eae00000,0x00000000eae60000,0x00000000eae80000)
  to   space 512K, 0% used [0x00000000eae80000,0x00000000eae80000,0x00000000eaf00000)
 ParOldGen       total 315904K, used 315708K [0x00000000c0000000, 0x00000000d3480000, 0x00000000eab00000)
  object space 315904K, 99% used [0x00000000c0000000,0x00000000d344f098,0x00000000d3480000)
 Metaspace       used 64669K, committed 65984K, reserved 1114112K
  class space    used 6673K, committed 7232K, reserved 1048576K
}
Event: 58.744 GC heap before
{Heap before GC invocations=1545 (full 4):
 PSYoungGen      total 2048K, used 1917K [0x00000000eab00000, 0x00000000eaf00000, 0x0000000100000000)
  eden space 1536K, 99% used [0x00000000eab00000,0x00000000eac7f698,0x00000000eac80000)
  from space 512K, 75% used [0x00000000eae00000,0x00000000eae60000,0x00000000eae80000)
  to   space 512K, 0% used [0x00000000eae80000,0x00000000eae80000,0x00000000eaf00000)
 ParOldGen       total 315904K, used 315708K [0x00000000c0000000, 0x00000000d3480000, 0x00000000eab00000)
  object space 315904K, 99% used [0x00000000c0000000,0x00000000d344f098,0x00000000d3480000)
 Metaspace       used 64669K, committed 65984K, reserved 1114112K
  class space    used 6673K, committed 7232K, reserved 1048576K
}
Event: 58.744 GC heap after
{Heap after GC invocations=1545 (full 4):
 PSYoungGen      total 2048K, used 411K [0x00000000eab00000, 0x00000000eaf00000, 0x0000000100000000)
  eden space 1536K, 0% used [0x00000000eab00000,0x00000000eab00000,0x00000000eac80000)
  from space 512K, 80% used [0x00000000eae80000,0x00000000eaee6c08,0x00000000eaf00000)
  to   space 512K, 0% used [0x00000000eae00000,0x00000000eae00000,0x00000000eae80000)
 ParOldGen       total 316416K, used 315948K [0x00000000c0000000, 0x00000000d3500000, 0x00000000eab00000)
  object space 316416K, 99% used [0x00000000c0000000,0x00000000d348b098,0x00000000d3500000)
 Metaspace       used 64669K, committed 65984K, reserved 1114112K
  class space    used 6673K, committed 7232K, reserved 1048576K
}
Event: 58.746 GC heap before
{Heap before GC invocations=1546 (full 4):
 PSYoungGen      total 2048K, used 1947K [0x00000000eab00000, 0x00000000eaf00000, 0x0000000100000000)
  eden space 1536K, 100% used [0x00000000eab00000,0x00000000eac80000,0x00000000eac80000)
  from space 512K, 80% used [0x00000000eae80000,0x00000000eaee6c08,0x00000000eaf00000)
  to   space 512K, 0% used [0x00000000eae00000,0x00000000eae00000,0x00000000eae80000)
 ParOldGen       total 316416K, used 315948K [0x00000000c0000000, 0x00000000d3500000, 0x00000000eab00000)
  object space 316416K, 99% used [0x00000000c0000000,0x00000000d348b098,0x00000000d3500000)
 Metaspace       used 64669K, committed 65984K, reserved 1114112K
  class space    used 6673K, committed 7232K, reserved 1048576K
}
Event: 58.747 GC heap after
{Heap after GC invocations=1546 (full 4):
 PSYoungGen      total 2048K, used 448K [0x00000000eab00000, 0x00000000eaf00000, 0x0000000100000000)
  eden space 1536K, 0% used [0x00000000eab00000,0x00000000eab00000,0x00000000eac80000)
  from space 512K, 87% used [0x00000000eae00000,0x00000000eae70000,0x00000000eae80000)
  to   space 512K, 0% used [0x00000000eae80000,0x00000000eae80000,0x00000000eaf00000)
 ParOldGen       total 316416K, used 316223K [0x00000000c0000000, 0x00000000d3500000, 0x00000000eab00000)
  object space 316416K, 99% used [0x00000000c0000000,0x00000000d34cfca0,0x00000000d3500000)
 Metaspace       used 64669K, committed 65984K, reserved 1114112K
  class space    used 6673K, committed 7232K, reserved 1048576K
}
Event: 58.749 GC heap before
{Heap before GC invocations=1547 (full 4):
 PSYoungGen      total 2048K, used 1984K [0x00000000eab00000, 0x00000000eaf00000, 0x0000000100000000)
  eden space 1536K, 100% used [0x00000000eab00000,0x00000000eac80000,0x00000000eac80000)
  from space 512K, 87% used [0x00000000eae00000,0x00000000eae70000,0x00000000eae80000)
  to   space 512K, 0% used [0x00000000eae80000,0x00000000eae80000,0x00000000eaf00000)
 ParOldGen       total 316416K, used 316223K [0x00000000c0000000, 0x00000000d3500000, 0x00000000eab00000)
  object space 316416K, 99% used [0x00000000c0000000,0x00000000d34cfca0,0x00000000d3500000)
 Metaspace       used 64669K, committed 65984K, reserved 1114112K
  class space    used 6673K, committed 7232K, reserved 1048576K
}
Event: 58.749 GC heap after
{Heap after GC invocations=1547 (full 4):
 PSYoungGen      total 2048K, used 384K [0x00000000eab00000, 0x00000000eaf00000, 0x0000000100000000)
  eden space 1536K, 0% used [0x00000000eab00000,0x00000000eab00000,0x00000000eac80000)
  from space 512K, 75% used [0x00000000eae80000,0x00000000eaee0000,0x00000000eaf00000)
  to   space 512K, 0% used [0x00000000eae00000,0x00000000eae00000,0x00000000eae80000)
 ParOldGen       total 316928K, used 316523K [0x00000000c0000000, 0x00000000d3580000, 0x00000000eab00000)
  object space 316928K, 99% used [0x00000000c0000000,0x00000000d351aea8,0x00000000d3580000)
 Metaspace       used 64669K, committed 65984K, reserved 1114112K
  class space    used 6673K, committed 7232K, reserved 1048576K
}
Event: 58.751 GC heap before
{Heap before GC invocations=1548 (full 4):
 PSYoungGen      total 2048K, used 1920K [0x00000000eab00000, 0x00000000eaf00000, 0x0000000100000000)
  eden space 1536K, 100% used [0x00000000eab00000,0x00000000eac80000,0x00000000eac80000)
  from space 512K, 75% used [0x00000000eae80000,0x00000000eaee0000,0x00000000eaf00000)
  to   space 512K, 0% used [0x00000000eae00000,0x00000000eae00000,0x00000000eae80000)
 ParOldGen       total 316928K, used 316523K [0x00000000c0000000, 0x00000000d3580000, 0x00000000eab00000)
  object space 316928K, 99% used [0x00000000c0000000,0x00000000d351aea8,0x00000000d3580000)
 Metaspace       used 64669K, committed 65984K, reserved 1114112K
  class space    used 6673K, committed 7232K, reserved 1048576K
}
Event: 58.751 GC heap after
{Heap after GC invocations=1548 (full 4):
 PSYoungGen      total 2048K, used 320K [0x00000000eab00000, 0x00000000eaf00000, 0x0000000100000000)
  eden space 1536K, 0% used [0x00000000eab00000,0x00000000eab00000,0x00000000eac80000)
  from space 512K, 62% used [0x00000000eae00000,0x00000000eae50000,0x00000000eae80000)
  to   space 512K, 0% used [0x00000000eae80000,0x00000000eae80000,0x00000000eaf00000)
 ParOldGen       total 316928K, used 316739K [0x00000000c0000000, 0x00000000d3580000, 0x00000000eab00000)
  object space 316928K, 99% used [0x00000000c0000000,0x00000000d3550ea8,0x00000000d3580000)
 Metaspace       used 64669K, committed 65984K, reserved 1114112K
  class space    used 6673K, committed 7232K, reserved 1048576K
}
Event: 58.754 GC heap before
{Heap before GC invocations=1549 (full 4):
 PSYoungGen      total 2048K, used 1856K [0x00000000eab00000, 0x00000000eaf00000, 0x0000000100000000)
  eden space 1536K, 100% used [0x00000000eab00000,0x00000000eac80000,0x00000000eac80000)
  from space 512K, 62% used [0x00000000eae00000,0x00000000eae50000,0x00000000eae80000)
  to   space 512K, 0% used [0x00000000eae80000,0x00000000eae80000,0x00000000eaf00000)
 ParOldGen       total 316928K, used 316739K [0x00000000c0000000, 0x00000000d3580000, 0x00000000eab00000)
  object space 316928K, 99% used [0x00000000c0000000,0x00000000d3550ea8,0x00000000d3580000)
 Metaspace       used 64669K, committed 65984K, reserved 1114112K
  class space    used 6673K, committed 7232K, reserved 1048576K
}
Event: 58.754 GC heap after
{Heap after GC invocations=1549 (full 4):
 PSYoungGen      total 2048K, used 374K [0x00000000eab00000, 0x00000000eaf00000, 0x0000000100000000)
  eden space 1536K, 0% used [0x00000000eab00000,0x00000000eab00000,0x00000000eac80000)
  from space 512K, 73% used [0x00000000eae80000,0x00000000eaedd808,0x00000000eaf00000)
  to   space 512K, 0% used [0x00000000eae00000,0x00000000eae00000,0x00000000eae80000)
 ParOldGen       total 317440K, used 316931K [0x00000000c0000000, 0x00000000d3600000, 0x00000000eab00000)
  object space 317440K, 99% used [0x00000000c0000000,0x00000000d3580ea8,0x00000000d3600000)
 Metaspace       used 64669K, committed 65984K, reserved 1114112K
  class space    used 6673K, committed 7232K, reserved 1048576K
}
Event: 58.770 GC heap before
{Heap before GC invocations=1550 (full 4):
 PSYoungGen      total 2048K, used 1910K [0x00000000eab00000, 0x00000000eaf00000, 0x0000000100000000)
  eden space 1536K, 100% used [0x00000000eab00000,0x00000000eac80000,0x00000000eac80000)
  from space 512K, 73% used [0x00000000eae80000,0x00000000eaedd808,0x00000000eaf00000)
  to   space 512K, 0% used [0x00000000eae00000,0x00000000eae00000,0x00000000eae80000)
 ParOldGen       total 317440K, used 316931K [0x00000000c0000000, 0x00000000d3600000, 0x00000000eab00000)
  object space 317440K, 99% used [0x00000000c0000000,0x00000000d3580ea8,0x00000000d3600000)
 Metaspace       used 64669K, committed 65984K, reserved 1114112K
  class space    used 6673K, committed 7232K, reserved 1048576K
}

